[2025-04-09 08:07:28Z INFO HostContext] No proxy settings were found based on environmental variables (http_proxy/https_proxy/HTTP_PROXY/HTTPS_PROXY)
[2025-04-09 08:07:28Z INFO HostContext] Well known directory 'Bin': '/Users/tatiana/Documents/study/university/term6/devops/lab4/actions-runner/bin'
[2025-04-09 08:07:28Z INFO HostContext] Well known directory 'Root': '/Users/tatiana/Documents/study/university/term6/devops/lab4/actions-runner'
[2025-04-09 08:07:28Z INFO HostContext] Well known config file 'Credentials': '/Users/tatiana/Documents/study/university/term6/devops/lab4/actions-runner/.credentials'
[2025-04-09 08:07:29Z INFO HostContext] Well known directory 'Bin': '/Users/tatiana/Documents/study/university/term6/devops/lab4/actions-runner/bin'
[2025-04-09 08:07:29Z INFO HostContext] Well known directory 'Root': '/Users/tatiana/Documents/study/university/term6/devops/lab4/actions-runner'
[2025-04-09 08:07:29Z INFO HostContext] Well known config file 'Runner': '/Users/tatiana/Documents/study/university/term6/devops/lab4/actions-runner/.runner'
[2025-04-09 08:07:29Z INFO Listener] Runner is built for OSX (X64) - osx-x64.
[2025-04-09 08:07:29Z INFO Listener] RuntimeInformation: Darwin 22.2.0 Darwin Kernel Version 22.2.0: Fri Nov 11 02:04:44 PST 2022; root:xnu-8792.61.2~4/RELEASE_ARM64_T8103.
[2025-04-09 08:07:29Z INFO Listener] Version: 2.323.0
[2025-04-09 08:07:29Z INFO Listener] Commit: d8b82f44a9ec0258904d5869ae683c31d5aac299
[2025-04-09 08:07:29Z INFO Listener] Culture: en-RU
[2025-04-09 08:07:29Z INFO Listener] UI Culture: en-RU
[2025-04-09 08:07:29Z INFO HostContext] Well known directory 'Bin': '/Users/tatiana/Documents/study/university/term6/devops/lab4/actions-runner/bin'
[2025-04-09 08:07:29Z INFO HostContext] Well known directory 'Root': '/Users/tatiana/Documents/study/university/term6/devops/lab4/actions-runner'
[2025-04-09 08:07:29Z INFO Listener] Validating directory permissions for: '/Users/tatiana/Documents/study/university/term6/devops/lab4/actions-runner'
[2025-04-09 08:07:29Z INFO CommandLineParser] Parse
[2025-04-09 08:07:29Z INFO CommandLineParser] Parsing 1 args
[2025-04-09 08:07:29Z INFO CommandLineParser] parsing argument
[2025-04-09 08:07:29Z INFO CommandLineParser] HasArgs: False
[2025-04-09 08:07:29Z INFO CommandLineParser] Adding Command: run
[2025-04-09 08:07:29Z INFO Listener] Arguments parsed
[2025-04-09 08:07:29Z INFO Runner] ExecuteCommand
[2025-04-09 08:07:29Z INFO ConfigurationStore] currentAssemblyLocation: /Users/tatiana/Documents/study/university/term6/devops/lab4/actions-runner/bin/Runner.Listener.dll
[2025-04-09 08:07:29Z INFO HostContext] Well known directory 'Bin': '/Users/tatiana/Documents/study/university/term6/devops/lab4/actions-runner/bin'
[2025-04-09 08:07:29Z INFO ConfigurationStore] binPath: /Users/tatiana/Documents/study/university/term6/devops/lab4/actions-runner/bin
[2025-04-09 08:07:29Z INFO HostContext] Well known directory 'Bin': '/Users/tatiana/Documents/study/university/term6/devops/lab4/actions-runner/bin'
[2025-04-09 08:07:29Z INFO HostContext] Well known directory 'Root': '/Users/tatiana/Documents/study/university/term6/devops/lab4/actions-runner'
[2025-04-09 08:07:29Z INFO ConfigurationStore] RootFolder: /Users/tatiana/Documents/study/university/term6/devops/lab4/actions-runner
[2025-04-09 08:07:29Z INFO HostContext] Well known directory 'Bin': '/Users/tatiana/Documents/study/university/term6/devops/lab4/actions-runner/bin'
[2025-04-09 08:07:29Z INFO HostContext] Well known directory 'Root': '/Users/tatiana/Documents/study/university/term6/devops/lab4/actions-runner'
[2025-04-09 08:07:29Z INFO HostContext] Well known config file 'Runner': '/Users/tatiana/Documents/study/university/term6/devops/lab4/actions-runner/.runner'
[2025-04-09 08:07:29Z INFO ConfigurationStore] ConfigFilePath: /Users/tatiana/Documents/study/university/term6/devops/lab4/actions-runner/.runner
[2025-04-09 08:07:29Z INFO HostContext] Well known directory 'Bin': '/Users/tatiana/Documents/study/university/term6/devops/lab4/actions-runner/bin'
[2025-04-09 08:07:29Z INFO HostContext] Well known directory 'Root': '/Users/tatiana/Documents/study/university/term6/devops/lab4/actions-runner'
[2025-04-09 08:07:29Z INFO HostContext] Well known config file 'MigratedRunner': '/Users/tatiana/Documents/study/university/term6/devops/lab4/actions-runner/.runner_migrated'
[2025-04-09 08:07:29Z INFO ConfigurationStore] MigratedConfigFilePath: /Users/tatiana/Documents/study/university/term6/devops/lab4/actions-runner/.runner_migrated
[2025-04-09 08:07:29Z INFO HostContext] Well known directory 'Bin': '/Users/tatiana/Documents/study/university/term6/devops/lab4/actions-runner/bin'
[2025-04-09 08:07:29Z INFO HostContext] Well known directory 'Root': '/Users/tatiana/Documents/study/university/term6/devops/lab4/actions-runner'
[2025-04-09 08:07:29Z INFO HostContext] Well known config file 'Credentials': '/Users/tatiana/Documents/study/university/term6/devops/lab4/actions-runner/.credentials'
[2025-04-09 08:07:29Z INFO ConfigurationStore] CredFilePath: /Users/tatiana/Documents/study/university/term6/devops/lab4/actions-runner/.credentials
[2025-04-09 08:07:29Z INFO HostContext] Well known directory 'Bin': '/Users/tatiana/Documents/study/university/term6/devops/lab4/actions-runner/bin'
[2025-04-09 08:07:29Z INFO HostContext] Well known directory 'Root': '/Users/tatiana/Documents/study/university/term6/devops/lab4/actions-runner'
[2025-04-09 08:07:29Z INFO HostContext] Well known config file 'MigratedCredentials': '/Users/tatiana/Documents/study/university/term6/devops/lab4/actions-runner/.credentials_migrated'
[2025-04-09 08:07:29Z INFO ConfigurationStore] MigratedCredFilePath: /Users/tatiana/Documents/study/university/term6/devops/lab4/actions-runner/.credentials_migrated
[2025-04-09 08:07:29Z INFO HostContext] Well known directory 'Bin': '/Users/tatiana/Documents/study/university/term6/devops/lab4/actions-runner/bin'
[2025-04-09 08:07:29Z INFO HostContext] Well known directory 'Root': '/Users/tatiana/Documents/study/university/term6/devops/lab4/actions-runner'
[2025-04-09 08:07:29Z INFO HostContext] Well known config file 'Service': '/Users/tatiana/Documents/study/university/term6/devops/lab4/actions-runner/.service'
[2025-04-09 08:07:29Z INFO ConfigurationStore] ServiceConfigFilePath: /Users/tatiana/Documents/study/university/term6/devops/lab4/actions-runner/.service
[2025-04-09 08:07:29Z INFO CommandSettings] Flag 'help': 'False'
[2025-04-09 08:07:29Z INFO CommandSettings] Flag 'version': 'False'
[2025-04-09 08:07:29Z INFO CommandSettings] Flag 'commit': 'False'
[2025-04-09 08:07:29Z INFO CommandSettings] Flag 'check': 'False'
[2025-04-09 08:07:29Z INFO CommandSettings] Command 'configure': 'False'
[2025-04-09 08:07:29Z INFO CommandSettings] Command 'remove': 'False'
[2025-04-09 08:07:29Z INFO CommandSettings] Command 'warmup': 'False'
[2025-04-09 08:07:29Z INFO ConfigurationManager] LoadSettings
[2025-04-09 08:07:29Z INFO ConfigurationStore] IsConfigured()
[2025-04-09 08:07:29Z INFO ConfigurationStore] IsConfigured: True
[2025-04-09 08:07:29Z INFO ConfigurationManager] Is configured: True
[2025-04-09 08:07:29Z INFO ConfigurationStore] Read setting file: 316 chars
[2025-04-09 08:07:29Z INFO ConfigurationManager] Settings Loaded
[2025-04-09 08:07:29Z INFO ConfigurationStore] IsServiceConfigured()
[2025-04-09 08:07:29Z INFO ConfigurationStore] IsServiceConfigured: False
[2025-04-09 08:07:29Z INFO CommandSettings] Command 'run': 'True'
[2025-04-09 08:07:29Z INFO ConfigurationStore] IsConfigured()
[2025-04-09 08:07:29Z INFO ConfigurationStore] IsConfigured: True
[2025-04-09 08:07:29Z INFO ConfigurationManager] Is configured: True
[2025-04-09 08:07:29Z INFO Runner] Could not parse the argument value '' for StartupType. Defaulting to Manual
[2025-04-09 08:07:29Z INFO Runner] Set runner startup type - Manual
[2025-04-09 08:07:29Z INFO CommandSettings] Flag 'once': 'False'
[2025-04-09 08:07:29Z INFO CommandSettings] Flag 'once': 'False'
[2025-04-09 08:07:29Z INFO Runner] RunAsync
[2025-04-09 08:07:29Z INFO ConfigurationManager] LoadSettings
[2025-04-09 08:07:29Z INFO ConfigurationStore] IsConfigured()
[2025-04-09 08:07:29Z INFO ConfigurationStore] IsConfigured: True
[2025-04-09 08:07:29Z INFO ConfigurationManager] Is configured: True
[2025-04-09 08:07:29Z INFO ConfigurationManager] Settings Loaded
[2025-04-09 08:07:29Z INFO MessageListener] {
  "AgentId": 2,
  "AgentName": "Tatianas-MacBook-Air",
  "PoolId": 1,
  "PoolName": "Default",
  "ServerUrl": "https://pipelinesghubeus4.actions.githubusercontent.com/d7WJU5sg2OIIb2J6KrbB0vDEkBiFj5LRjdqXgxRZCJju4g3ukC/",
  "GitHubUrl": "https://github.com/l-palette/hospital-appointment",
  "WorkFolder": "_work"
}
[2025-04-09 08:07:29Z INFO MessageListener] Loading Credentials
[2025-04-09 08:07:29Z INFO ConfigurationStore] HasCredentials()
[2025-04-09 08:07:29Z INFO ConfigurationStore] stored True
[2025-04-09 08:07:29Z INFO CredentialManager] GetCredentialProvider
[2025-04-09 08:07:29Z INFO CredentialManager] Creating type OAuth
[2025-04-09 08:07:29Z INFO CredentialManager] Creating credential type: OAuth
[2025-04-09 08:07:29Z INFO HostContext] Well known directory 'Bin': '/Users/tatiana/Documents/study/university/term6/devops/lab4/actions-runner/bin'
[2025-04-09 08:07:29Z INFO HostContext] Well known directory 'Root': '/Users/tatiana/Documents/study/university/term6/devops/lab4/actions-runner'
[2025-04-09 08:07:29Z INFO HostContext] Well known config file 'RSACredentials': '/Users/tatiana/Documents/study/university/term6/devops/lab4/actions-runner/.credentials_rsaparams'
[2025-04-09 08:07:29Z INFO RSAFileKeyManager] Loading RSA key parameters from file /Users/tatiana/Documents/study/university/term6/devops/lab4/actions-runner/.credentials_rsaparams
[2025-04-09 08:07:29Z INFO MessageListener] Attempt to create session.
[2025-04-09 08:07:29Z INFO MessageListener] Connecting to the Runner Server...
[2025-04-09 08:07:29Z INFO RunnerServer] EstablishVssConnection
[2025-04-09 08:07:29Z INFO RunnerServer] Establish connection with 100 seconds timeout.
[2025-04-09 08:07:29Z INFO GitHubActionsService] Starting operation Location.GetConnectionData
[2025-04-09 08:07:29Z INFO RunnerServer] EstablishVssConnection
[2025-04-09 08:07:29Z INFO RunnerServer] Establish connection with 60 seconds timeout.
[2025-04-09 08:07:29Z INFO GitHubActionsService] Starting operation Location.GetConnectionData
[2025-04-09 08:07:29Z INFO RunnerServer] EstablishVssConnection
[2025-04-09 08:07:29Z INFO RunnerServer] Establish connection with 60 seconds timeout.
[2025-04-09 08:07:29Z INFO GitHubActionsService] Starting operation Location.GetConnectionData
[2025-04-09 08:07:32Z INFO GitHubActionsService] Finished operation Location.GetConnectionData
[2025-04-09 08:07:32Z INFO GitHubActionsService] Finished operation Location.GetConnectionData
[2025-04-09 08:07:32Z INFO GitHubActionsService] Finished operation Location.GetConnectionData
[2025-04-09 08:07:32Z INFO MessageListener] VssConnection created
[2025-04-09 08:07:32Z INFO Terminal] WRITE LINE: 
[2025-04-09 08:07:32Z INFO Terminal] WRITE LINE: 
[2025-04-09 08:07:32Z INFO RSAFileKeyManager] Loading RSA key parameters from file /Users/tatiana/Documents/study/university/term6/devops/lab4/actions-runner/.credentials_rsaparams
[2025-04-09 08:07:32Z INFO RSAFileKeyManager] Loading RSA key parameters from file /Users/tatiana/Documents/study/university/term6/devops/lab4/actions-runner/.credentials_rsaparams
[2025-04-09 08:07:33Z ERR  GitHubActionsService] POST request to https://tokenghub.actions.githubusercontent.com/_apis/oauth2/token/b496d8ce-0442-41ea-998a-60219447dc51 failed. HTTP Status: BadRequest
[2025-04-09 08:07:33Z INFO GitHubActionsService] AAD Correlation ID for this token request: Unknown
[2025-04-09 08:07:33Z ERR  MessageListener] Catch exception during create session.
[2025-04-09 08:07:33Z ERR  MessageListener] GitHub.Services.OAuth.VssOAuthTokenRequestException: Registration was not found or is not medium trust. ClientType: 
   at GitHub.Services.OAuth.VssOAuthTokenProvider.OnGetTokenAsync(IssuedToken failedToken, CancellationToken cancellationToken)
   at GitHub.Services.Common.IssuedTokenProvider.GetTokenOperation.GetTokenAsync(VssTraceActivity traceActivity)
   at GitHub.Services.Common.IssuedTokenProvider.GetTokenAsync(IssuedToken failedToken, CancellationToken cancellationToken)
   at GitHub.Services.Common.VssHttpMessageHandler.SendAsync(HttpRequestMessage request, CancellationToken cancellationToken)
   at GitHub.Services.Common.VssHttpRetryMessageHandler.SendAsync(HttpRequestMessage request, CancellationToken cancellationToken)
   at System.Net.Http.HttpClient.<SendAsync>g__Core|83_0(HttpRequestMessage request, HttpCompletionOption completionOption, CancellationTokenSource cts, Boolean disposeCts, CancellationTokenSource pendingRequestsCts, CancellationToken originalCancellationToken)
   at GitHub.Services.WebApi.VssHttpClientBase.SendAsync(HttpRequestMessage message, HttpCompletionOption completionOption, Object userState, CancellationToken cancellationToken)
   at GitHub.Services.WebApi.VssHttpClientBase.SendAsync[T](HttpRequestMessage message, Object userState, CancellationToken cancellationToken)
   at GitHub.Services.WebApi.VssHttpClientBase.SendAsync[T](HttpMethod method, IEnumerable`1 additionalHeaders, Guid locationId, Object routeValues, ApiResourceVersion version, HttpContent content, IEnumerable`1 queryParameters, Object userState, CancellationToken cancellationToken)
   at GitHub.Runner.Listener.MessageListener.CreateSessionAsync(CancellationToken token)
[2025-04-09 08:07:33Z ERR  MessageListener] Test oauth app registration.
[2025-04-09 08:07:33Z INFO RSAFileKeyManager] Loading RSA key parameters from file /Users/tatiana/Documents/study/university/term6/devops/lab4/actions-runner/.credentials_rsaparams
[2025-04-09 08:07:34Z ERR  GitHubActionsService] POST request to https://tokenghub.actions.githubusercontent.com/_apis/oauth2/token/b496d8ce-0442-41ea-998a-60219447dc51 failed. HTTP Status: BadRequest
[2025-04-09 08:07:34Z INFO GitHubActionsService] AAD Correlation ID for this token request: Unknown
[2025-04-09 08:07:34Z INFO MessageListener] Non-retriable exception: Registration was not found or is not medium trust. ClientType: 
[2025-04-09 08:07:34Z ERR  Terminal] WRITE ERROR: Failed to create session. Registration was not found or is not medium trust. ClientType: 
[2025-04-09 08:07:34Z INFO Listener] Runner execution has finished with return code 1
